2020-07-12 17:05:48,213 INFO o.a.j.u.JMeterUtils: Setting Locale to en_EN
2020-07-12 17:05:48,245 INFO o.a.j.JMeter: Loading user properties from: /usr/local/Cellar/jmeter/5.3/libexec/bin/user.properties
2020-07-12 17:05:48,246 INFO o.a.j.JMeter: Loading system properties from: /usr/local/Cellar/jmeter/5.3/libexec/bin/system.properties
2020-07-12 17:05:48,248 INFO o.a.j.JMeter: Copyright (c) 1998-2020 The Apache Software Foundation
2020-07-12 17:05:48,248 INFO o.a.j.JMeter: Version 5.3
2020-07-12 17:05:48,248 INFO o.a.j.JMeter: java.version=1.8.0_192
2020-07-12 17:05:48,248 INFO o.a.j.JMeter: java.vm.name=Java HotSpot(TM) 64-Bit Server VM
2020-07-12 17:05:48,248 INFO o.a.j.JMeter: os.name=Mac OS X
2020-07-12 17:05:48,248 INFO o.a.j.JMeter: os.arch=x86_64
2020-07-12 17:05:48,248 INFO o.a.j.JMeter: os.version=10.14.6
2020-07-12 17:05:48,248 INFO o.a.j.JMeter: file.encoding=UTF-8
2020-07-12 17:05:48,249 INFO o.a.j.JMeter: java.awt.headless=null
2020-07-12 17:05:48,249 INFO o.a.j.JMeter: Max memory     =1073741824
2020-07-12 17:05:48,249 INFO o.a.j.JMeter: Available Processors =8
2020-07-12 17:05:48,258 INFO o.a.j.JMeter: Default Locale=English (EN)
2020-07-12 17:05:48,258 INFO o.a.j.JMeter: JMeter  Locale=English (EN)
2020-07-12 17:05:48,258 INFO o.a.j.JMeter: JMeterHome=/usr/local/Cellar/jmeter/5.3/libexec
2020-07-12 17:05:48,258 INFO o.a.j.JMeter: user.dir  =/Users/stcs/Downloads/Project Starter Resources
2020-07-12 17:05:48,259 INFO o.a.j.JMeter: PWD       =/Users/stcs/Downloads/Project Starter Resources
2020-07-12 17:05:48,266 INFO o.a.j.JMeter: IP: 192.168.43.231 Name: STCSs-MBP FullName: stcss-mbp
2020-07-12 17:05:48,684 INFO o.a.j.JMeter: Setting LAF to: com.github.weisj.darklaf.DarkLaf:com.github.weisj.darklaf.theme.DarculaTheme
2020-07-12 17:05:50,332 INFO o.a.j.JMeter: Loaded icon properties from org/apache/jmeter/images/icon.properties
2020-07-12 17:05:51,633 INFO o.j.r.JARSourceHTTP: Requesting https://jmeter-plugins.org/repo/?installID=mac_os_x-39993738f4116edc34cdac199fe25f34-gui
2020-07-12 17:05:54,361 INFO o.j.r.PluginManager: Plugins Status: [jpgc-plugins-manager=1.3, jmeter-core=5.3, jmeter-ftp=5.3, jmeter-http=5.3, jmeter-jdbc=5.3, jmeter-jms=5.3, jmeter-junit=5.3, jmeter-java=5.3, jmeter-ldap=5.3, jmeter-mail=5.3, jmeter-mongodb=5.3, jmeter-native=5.3, jmeter-tcp=5.3, jmeter-components=5.3]
2020-07-12 17:05:54,363 INFO o.j.r.PluginManagerMenuItem: Plugins Manager has upgrades: [jpgc-plugins-manager]
2020-07-12 17:05:59,282 INFO o.a.j.s.FileServer: Default base='/Users/stcs/Downloads/Project Starter Resources'
2020-07-12 17:05:59,288 INFO o.a.j.g.a.Load: Loading file: /Users/stcs/Downloads/Project Starter Resources/automatedtesting/jmeter/Starter.jmx
2020-07-12 17:05:59,288 INFO o.a.j.s.FileServer: Set new base='/Users/stcs/Downloads/Project Starter Resources/automatedtesting/jmeter'
2020-07-12 17:05:59,467 INFO o.a.j.s.SaveService: Testplan (JMX) version: 2.2. Testlog (JTL) version: 2.2
2020-07-12 17:05:59,473 INFO o.a.j.s.SaveService: Using SaveService properties file encoding UTF-8
2020-07-12 17:05:59,475 INFO o.a.j.s.SaveService: Using SaveService properties version 5.0
2020-07-12 17:05:59,477 INFO o.a.j.s.SaveService: Loading file: /Users/stcs/Downloads/Project Starter Resources/automatedtesting/jmeter/Starter.jmx
2020-07-12 17:05:59,642 INFO o.a.j.p.h.s.HTTPSamplerBase: Parser for text/html is org.apache.jmeter.protocol.http.parser.LagartoBasedHtmlParser
2020-07-12 17:05:59,642 INFO o.a.j.p.h.s.HTTPSamplerBase: Parser for application/xhtml+xml is org.apache.jmeter.protocol.http.parser.LagartoBasedHtmlParser
2020-07-12 17:05:59,643 INFO o.a.j.p.h.s.HTTPSamplerBase: Parser for application/xml is org.apache.jmeter.protocol.http.parser.LagartoBasedHtmlParser
2020-07-12 17:05:59,643 INFO o.a.j.p.h.s.HTTPSamplerBase: Parser for text/xml is org.apache.jmeter.protocol.http.parser.LagartoBasedHtmlParser
2020-07-12 17:05:59,643 INFO o.a.j.p.h.s.HTTPSamplerBase: Parser for text/vnd.wap.wml is org.apache.jmeter.protocol.http.parser.RegexpHTMLParser
2020-07-12 17:05:59,643 INFO o.a.j.p.h.s.HTTPSamplerBase: Parser for text/css is org.apache.jmeter.protocol.http.parser.CssParser
2020-07-12 17:05:59,905 INFO o.a.j.s.SampleResult: Note: Sample TimeStamps are START times
2020-07-12 17:05:59,905 INFO o.a.j.s.SampleResult: sampleresult.default.encoding is set to ISO-8859-1
2020-07-12 17:05:59,905 INFO o.a.j.s.SampleResult: sampleresult.useNanoTime=true
2020-07-12 17:05:59,905 INFO o.a.j.s.SampleResult: sampleresult.nanoThreadSleep=5000
2020-07-12 17:06:00,474 INFO o.a.j.s.FileServer: Set new base='/Users/stcs/Downloads/Project Starter Resources/automatedtesting/jmeter'
2020-07-12 17:06:40,984 INFO o.a.j.e.StandardJMeterEngine: Running the test!
2020-07-12 17:06:40,985 INFO o.a.j.s.SampleEvent: List of sample_variables: []
2020-07-12 17:06:40,986 INFO o.a.j.s.SampleEvent: List of sample_variables: []
2020-07-12 17:06:40,987 INFO o.a.j.e.u.CompoundVariable: Note: Function class names must contain the string: '.functions.'
2020-07-12 17:06:40,987 INFO o.a.j.e.u.CompoundVariable: Note: Function class names must not contain the string: '.gui.'
2020-07-12 17:06:41,289 INFO o.a.j.g.u.JMeterMenuBar: setRunning(true, *local*)
2020-07-12 17:06:41,511 INFO o.a.j.e.StandardJMeterEngine: Starting ThreadGroup: 1 : Endurance
2020-07-12 17:06:41,511 INFO o.a.j.e.StandardJMeterEngine: Starting 2 threads for group Endurance.
2020-07-12 17:06:41,511 INFO o.a.j.e.StandardJMeterEngine: Thread will continue on error
2020-07-12 17:06:41,511 INFO o.a.j.t.ThreadGroup: Starting thread group... number=1 threads=2 ramp-up=0 delayedStart=false
2020-07-12 17:06:41,516 INFO o.a.j.t.ThreadGroup: Started thread group number 1
2020-07-12 17:06:41,517 INFO o.a.j.e.StandardJMeterEngine: Starting ThreadGroup: 2 : Stress Test
2020-07-12 17:06:41,517 INFO o.a.j.e.StandardJMeterEngine: Starting 2 threads for group Stress Test.
2020-07-12 17:06:41,517 INFO o.a.j.e.StandardJMeterEngine: Thread will continue on error
2020-07-12 17:06:41,518 INFO o.a.j.t.ThreadGroup: Starting thread group... number=2 threads=2 ramp-up=0 delayedStart=false
2020-07-12 17:06:41,521 INFO o.a.j.t.JMeterThread: Thread started: Stress Test 2-1
2020-07-12 17:06:41,520 INFO o.a.j.t.JMeterThread: Thread started: Endurance 1-2
2020-07-12 17:06:41,521 INFO o.a.j.t.JMeterThread: Thread started: Endurance 1-1
2020-07-12 17:06:41,521 INFO o.a.j.t.ThreadGroup: Started thread group number 2
2020-07-12 17:06:41,521 INFO o.a.j.e.StandardJMeterEngine: All thread groups have been started
2020-07-12 17:06:41,522 INFO o.a.j.t.JMeterThread: Thread started: Stress Test 2-2
2020-07-12 17:06:41,523 INFO o.a.j.s.FileServer: Stored: /Users/stcs/Downloads/Project Starter Resources/automatedtesting/jmeter/data.csv
2020-07-12 17:06:41,535 INFO o.a.j.p.h.s.HTTPHCAbstractImpl: Local host = STCSs-MBP
2020-07-12 17:06:41,542 INFO o.a.j.p.h.s.HTTPHC4Impl: HTTP request retry count = 0
2020-07-12 17:06:41,862 INFO o.a.j.p.h.s.h.LazyLayeredConnectionSocketFactory: Setting up HTTPS TrustAll Socket Factory
2020-07-12 17:06:41,867 INFO o.a.j.u.JsseSSLManager: Using default SSL protocol: TLS
2020-07-12 17:06:41,867 INFO o.a.j.u.JsseSSLManager: SSL session context: per-thread
2020-07-12 17:06:42,116 INFO o.a.j.u.SSLManager: JmeterKeyStore Location:  type JKS
2020-07-12 17:06:42,117 INFO o.a.j.u.SSLManager: KeyStore created OK
2020-07-12 17:06:42,117 WARN o.a.j.u.SSLManager: Keystore file not found, loading empty keystore
2020-07-12 17:06:49,958 INFO o.a.j.t.JMeterThread: Thread is done: Endurance 1-2
2020-07-12 17:06:49,958 INFO o.a.j.t.JMeterThread: Thread is done: Endurance 1-1
2020-07-12 17:06:49,958 INFO o.a.j.t.JMeterThread: Thread finished: Endurance 1-1
2020-07-12 17:06:49,958 INFO o.a.j.t.JMeterThread: Thread finished: Endurance 1-2
2020-07-12 17:06:50,171 INFO o.a.j.t.JMeterThread: Thread is done: Stress Test 2-2
2020-07-12 17:06:50,171 INFO o.a.j.t.JMeterThread: Thread finished: Stress Test 2-2
2020-07-12 17:06:50,180 INFO o.a.j.t.JMeterThread: Thread is done: Stress Test 2-1
2020-07-12 17:06:50,180 INFO o.a.j.t.JMeterThread: Thread finished: Stress Test 2-1
2020-07-12 17:06:50,181 INFO o.a.j.e.StandardJMeterEngine: Notifying test listeners of end of test
2020-07-12 17:06:50,181 INFO o.a.j.s.FileServer: Close: /Users/stcs/Downloads/Project Starter Resources/automatedtesting/jmeter/data.csv
2020-07-12 17:06:50,181 INFO o.a.j.g.u.JMeterMenuBar: setRunning(false, *local*)
2020-07-12 17:08:02,626 INFO o.a.j.e.StandardJMeterEngine: Running the test!
2020-07-12 17:08:02,629 INFO o.a.j.s.SampleEvent: List of sample_variables: []
2020-07-12 17:08:02,631 INFO o.a.j.g.u.JMeterMenuBar: setRunning(true, *local*)
2020-07-12 17:08:02,831 INFO o.a.j.e.StandardJMeterEngine: Starting ThreadGroup: 1 : Endurance
2020-07-12 17:08:02,832 INFO o.a.j.e.StandardJMeterEngine: Starting 2 threads for group Endurance.
2020-07-12 17:08:02,832 INFO o.a.j.e.StandardJMeterEngine: Thread will continue on error
2020-07-12 17:08:02,832 INFO o.a.j.t.ThreadGroup: Starting thread group... number=1 threads=2 ramp-up=0 delayedStart=false
2020-07-12 17:08:02,834 INFO o.a.j.t.ThreadGroup: Started thread group number 1
2020-07-12 17:08:02,834 INFO o.a.j.e.StandardJMeterEngine: Starting ThreadGroup: 2 : Stress Test
2020-07-12 17:08:02,834 INFO o.a.j.e.StandardJMeterEngine: Starting 2 threads for group Stress Test.
2020-07-12 17:08:02,834 INFO o.a.j.e.StandardJMeterEngine: Thread will continue on error
2020-07-12 17:08:02,834 INFO o.a.j.t.ThreadGroup: Starting thread group... number=2 threads=2 ramp-up=0 delayedStart=false
2020-07-12 17:08:02,834 INFO o.a.j.t.JMeterThread: Thread started: Endurance 1-1
2020-07-12 17:08:02,834 INFO o.a.j.t.JMeterThread: Thread started: Endurance 1-2
2020-07-12 17:08:02,835 INFO o.a.j.s.FileServer: Stored: /Users/stcs/Downloads/Project Starter Resources/automatedtesting/jmeter/data.csv
2020-07-12 17:08:02,836 INFO o.a.j.t.JMeterThread: Thread started: Stress Test 2-1
2020-07-12 17:08:02,837 INFO o.a.j.t.ThreadGroup: Started thread group number 2
2020-07-12 17:08:02,837 INFO o.a.j.e.StandardJMeterEngine: All thread groups have been started
2020-07-12 17:08:02,838 INFO o.a.j.t.JMeterThread: Thread started: Stress Test 2-2
2020-07-12 17:08:04,446 INFO o.a.j.t.JMeterThread: Thread is done: Endurance 1-1
2020-07-12 17:08:04,446 INFO o.a.j.t.JMeterThread: Thread finished: Endurance 1-1
2020-07-12 17:08:04,560 INFO o.a.j.t.JMeterThread: Thread is done: Endurance 1-2
2020-07-12 17:08:04,561 INFO o.a.j.t.JMeterThread: Thread finished: Endurance 1-2
2020-07-12 17:08:04,950 INFO o.a.j.t.JMeterThread: Thread is done: Stress Test 2-2
2020-07-12 17:08:04,950 INFO o.a.j.t.JMeterThread: Thread finished: Stress Test 2-2
2020-07-12 17:08:05,157 INFO o.a.j.t.JMeterThread: Thread is done: Stress Test 2-1
2020-07-12 17:08:05,157 INFO o.a.j.t.JMeterThread: Thread finished: Stress Test 2-1
2020-07-12 17:08:05,158 INFO o.a.j.e.StandardJMeterEngine: Notifying test listeners of end of test
2020-07-12 17:08:05,158 INFO o.a.j.s.FileServer: Close: /Users/stcs/Downloads/Project Starter Resources/automatedtesting/jmeter/data.csv
2020-07-12 17:08:05,158 INFO o.a.j.g.u.JMeterMenuBar: setRunning(false, *local*)
2020-07-12 19:27:38,740 INFO o.a.j.e.StandardJMeterEngine: Running the test!
2020-07-12 19:27:38,743 INFO o.a.j.s.SampleEvent: List of sample_variables: []
2020-07-12 19:27:38,745 INFO o.a.j.g.u.JMeterMenuBar: setRunning(true, *local*)
2020-07-12 19:27:39,239 INFO o.a.j.e.StandardJMeterEngine: Starting ThreadGroup: 1 : Endurance
2020-07-12 19:27:39,240 INFO o.a.j.e.StandardJMeterEngine: Starting 1 threads for group Endurance.
2020-07-12 19:27:39,240 INFO o.a.j.e.StandardJMeterEngine: Thread will continue on error
2020-07-12 19:27:39,240 INFO o.a.j.t.ThreadGroup: Starting thread group... number=1 threads=1 ramp-up=0 delayedStart=false
2020-07-12 19:27:39,241 INFO o.a.j.t.ThreadGroup: Started thread group number 1
2020-07-12 19:27:39,241 INFO o.a.j.e.StandardJMeterEngine: Starting ThreadGroup: 2 : Stress Test
2020-07-12 19:27:39,241 INFO o.a.j.e.StandardJMeterEngine: Starting 1 threads for group Stress Test.
2020-07-12 19:27:39,241 INFO o.a.j.e.StandardJMeterEngine: Thread will continue on error
2020-07-12 19:27:39,241 INFO o.a.j.t.ThreadGroup: Starting thread group... number=2 threads=1 ramp-up=0 delayedStart=false
2020-07-12 19:27:39,242 INFO o.a.j.t.JMeterThread: Thread started: Endurance 1-1
2020-07-12 19:27:39,242 INFO o.a.j.t.ThreadGroup: Started thread group number 2
2020-07-12 19:27:39,242 INFO o.a.j.s.FileServer: Stored: /Users/stcs/Downloads/Project Starter Resources/automatedtesting/jmeter/data.csv
2020-07-12 19:27:39,242 INFO o.a.j.e.StandardJMeterEngine: All thread groups have been started
2020-07-12 19:27:39,242 INFO o.a.j.t.JMeterThread: Thread started: Stress Test 2-1
2020-07-12 19:27:40,904 INFO o.a.j.t.JMeterThread: Thread is done: Stress Test 2-1
2020-07-12 19:27:40,905 INFO o.a.j.t.JMeterThread: Thread finished: Stress Test 2-1
2020-07-12 19:27:41,138 INFO o.a.j.t.JMeterThread: Thread is done: Endurance 1-1
2020-07-12 19:27:41,138 INFO o.a.j.t.JMeterThread: Thread finished: Endurance 1-1
2020-07-12 19:27:41,139 INFO o.a.j.e.StandardJMeterEngine: Notifying test listeners of end of test
2020-07-12 19:27:41,139 INFO o.a.j.s.FileServer: Close: /Users/stcs/Downloads/Project Starter Resources/automatedtesting/jmeter/data.csv
2020-07-12 19:27:41,140 INFO o.a.j.g.u.JMeterMenuBar: setRunning(false, *local*)
2020-07-12 19:29:41,310 INFO o.a.j.e.StandardJMeterEngine: Running the test!
2020-07-12 19:29:41,313 INFO o.a.j.s.SampleEvent: List of sample_variables: []
2020-07-12 19:29:41,315 INFO o.a.j.g.u.JMeterMenuBar: setRunning(true, *local*)
2020-07-12 19:29:41,540 INFO o.a.j.e.StandardJMeterEngine: Starting ThreadGroup: 1 : Endurance
2020-07-12 19:29:41,540 INFO o.a.j.e.StandardJMeterEngine: Starting 1 threads for group Endurance.
2020-07-12 19:29:41,541 INFO o.a.j.e.StandardJMeterEngine: Thread will continue on error
2020-07-12 19:29:41,541 INFO o.a.j.t.ThreadGroup: Starting thread group... number=1 threads=1 ramp-up=0 delayedStart=false
2020-07-12 19:29:41,542 INFO o.a.j.t.ThreadGroup: Started thread group number 1
2020-07-12 19:29:41,542 INFO o.a.j.e.StandardJMeterEngine: Starting ThreadGroup: 2 : Stress Test
2020-07-12 19:29:41,542 INFO o.a.j.e.StandardJMeterEngine: Starting 1 threads for group Stress Test.
2020-07-12 19:29:41,542 INFO o.a.j.e.StandardJMeterEngine: Thread will continue on error
2020-07-12 19:29:41,542 INFO o.a.j.t.ThreadGroup: Starting thread group... number=2 threads=1 ramp-up=0 delayedStart=false
2020-07-12 19:29:41,542 INFO o.a.j.t.JMeterThread: Thread started: Endurance 1-1
2020-07-12 19:29:41,543 INFO o.a.j.s.FileServer: Stored: /Users/stcs/Downloads/Project Starter Resources/automatedtesting/jmeter/data.csv
2020-07-12 19:29:41,543 INFO o.a.j.t.ThreadGroup: Started thread group number 2
2020-07-12 19:29:41,543 INFO o.a.j.e.StandardJMeterEngine: All thread groups have been started
2020-07-12 19:29:41,543 INFO o.a.j.t.JMeterThread: Thread started: Stress Test 2-1
2020-07-12 19:29:43,003 INFO o.a.j.t.JMeterThread: Thread is done: Stress Test 2-1
2020-07-12 19:29:43,003 INFO o.a.j.t.JMeterThread: Thread finished: Stress Test 2-1
2020-07-12 19:29:43,359 INFO o.a.j.t.JMeterThread: Thread is done: Endurance 1-1
2020-07-12 19:29:43,359 INFO o.a.j.t.JMeterThread: Thread finished: Endurance 1-1
2020-07-12 19:29:43,360 INFO o.a.j.e.StandardJMeterEngine: Notifying test listeners of end of test
2020-07-12 19:29:43,360 INFO o.a.j.s.FileServer: Close: /Users/stcs/Downloads/Project Starter Resources/automatedtesting/jmeter/data.csv
2020-07-12 19:29:43,360 INFO o.a.j.g.u.JMeterMenuBar: setRunning(false, *local*)
2020-07-12 19:32:36,560 INFO o.a.j.e.StandardJMeterEngine: Running the test!
2020-07-12 19:32:36,562 INFO o.a.j.s.SampleEvent: List of sample_variables: []
2020-07-12 19:32:36,564 INFO o.a.j.g.u.JMeterMenuBar: setRunning(true, *local*)
2020-07-12 19:32:36,799 INFO o.a.j.e.StandardJMeterEngine: Starting ThreadGroup: 1 : Endurance
2020-07-12 19:32:36,799 INFO o.a.j.e.StandardJMeterEngine: Starting 1 threads for group Endurance.
2020-07-12 19:32:36,799 INFO o.a.j.e.StandardJMeterEngine: Thread will continue on error
2020-07-12 19:32:36,799 INFO o.a.j.t.ThreadGroup: Starting thread group... number=1 threads=1 ramp-up=0 delayedStart=false
2020-07-12 19:32:36,800 INFO o.a.j.t.ThreadGroup: Started thread group number 1
2020-07-12 19:32:36,800 INFO o.a.j.e.StandardJMeterEngine: Starting ThreadGroup: 2 : Stress Test
2020-07-12 19:32:36,800 INFO o.a.j.e.StandardJMeterEngine: Starting 1 threads for group Stress Test.
2020-07-12 19:32:36,800 INFO o.a.j.e.StandardJMeterEngine: Thread will continue on error
2020-07-12 19:32:36,800 INFO o.a.j.t.ThreadGroup: Starting thread group... number=2 threads=1 ramp-up=0 delayedStart=false
2020-07-12 19:32:36,800 INFO o.a.j.t.JMeterThread: Thread started: Endurance 1-1
2020-07-12 19:32:36,801 INFO o.a.j.t.ThreadGroup: Started thread group number 2
2020-07-12 19:32:36,801 INFO o.a.j.s.FileServer: Stored: /Users/stcs/Downloads/Project Starter Resources/automatedtesting/jmeter/data.csv
2020-07-12 19:32:36,801 INFO o.a.j.e.StandardJMeterEngine: All thread groups have been started
2020-07-12 19:32:36,801 INFO o.a.j.t.JMeterThread: Thread started: Stress Test 2-1
2020-07-12 19:32:38,071 INFO o.a.j.t.JMeterThread: Thread is done: Stress Test 2-1
2020-07-12 19:32:38,071 INFO o.a.j.t.JMeterThread: Thread finished: Stress Test 2-1
2020-07-12 19:32:38,945 INFO o.a.j.t.JMeterThread: Thread is done: Endurance 1-1
2020-07-12 19:32:38,945 INFO o.a.j.t.JMeterThread: Thread finished: Endurance 1-1
2020-07-12 19:32:38,946 INFO o.a.j.e.StandardJMeterEngine: Notifying test listeners of end of test
2020-07-12 19:32:38,946 INFO o.a.j.s.FileServer: Close: /Users/stcs/Downloads/Project Starter Resources/automatedtesting/jmeter/data.csv
2020-07-12 19:32:38,946 INFO o.a.j.g.u.JMeterMenuBar: setRunning(false, *local*)
2020-07-12 19:33:16,161 INFO o.a.j.e.StandardJMeterEngine: Running the test!
2020-07-12 19:33:16,161 INFO o.a.j.s.SampleEvent: List of sample_variables: []
2020-07-12 19:33:16,163 INFO o.a.j.g.u.JMeterMenuBar: setRunning(true, *local*)
2020-07-12 19:33:16,342 INFO o.a.j.e.StandardJMeterEngine: Starting ThreadGroup: 1 : Endurance
2020-07-12 19:33:16,342 INFO o.a.j.e.StandardJMeterEngine: Starting 1 threads for group Endurance.
2020-07-12 19:33:16,342 INFO o.a.j.e.StandardJMeterEngine: Thread will continue on error
2020-07-12 19:33:16,342 INFO o.a.j.t.ThreadGroup: Starting thread group... number=1 threads=1 ramp-up=0 delayedStart=false
2020-07-12 19:33:16,343 INFO o.a.j.t.ThreadGroup: Started thread group number 1
2020-07-12 19:33:16,343 INFO o.a.j.e.StandardJMeterEngine: Starting ThreadGroup: 2 : Stress Test
2020-07-12 19:33:16,343 INFO o.a.j.e.StandardJMeterEngine: Starting 1 threads for group Stress Test.
2020-07-12 19:33:16,343 INFO o.a.j.e.StandardJMeterEngine: Thread will continue on error
2020-07-12 19:33:16,343 INFO o.a.j.t.ThreadGroup: Starting thread group... number=2 threads=1 ramp-up=0 delayedStart=false
2020-07-12 19:33:16,343 INFO o.a.j.t.JMeterThread: Thread started: Endurance 1-1
2020-07-12 19:33:16,344 INFO o.a.j.t.ThreadGroup: Started thread group number 2
2020-07-12 19:33:16,344 INFO o.a.j.s.FileServer: Stored: /Users/stcs/Downloads/Project Starter Resources/automatedtesting/jmeter/data.csv
2020-07-12 19:33:16,344 INFO o.a.j.e.StandardJMeterEngine: All thread groups have been started
2020-07-12 19:33:16,346 INFO o.a.j.t.JMeterThread: Thread started: Stress Test 2-1
2020-07-12 19:33:18,308 INFO o.a.j.t.JMeterThread: Thread is done: Stress Test 2-1
2020-07-12 19:33:18,308 INFO o.a.j.t.JMeterThread: Thread finished: Stress Test 2-1
2020-07-12 19:33:18,702 INFO o.a.j.t.JMeterThread: Thread is done: Endurance 1-1
2020-07-12 19:33:18,702 INFO o.a.j.t.JMeterThread: Thread finished: Endurance 1-1
2020-07-12 19:33:18,703 INFO o.a.j.e.StandardJMeterEngine: Notifying test listeners of end of test
2020-07-12 19:33:18,703 INFO o.a.j.s.FileServer: Close: /Users/stcs/Downloads/Project Starter Resources/automatedtesting/jmeter/data.csv
2020-07-12 19:33:18,703 INFO o.a.j.g.u.JMeterMenuBar: setRunning(false, *local*)
2020-07-12 19:33:37,077 INFO o.a.j.e.StandardJMeterEngine: Running the test!
2020-07-12 19:33:37,077 INFO o.a.j.s.SampleEvent: List of sample_variables: []
2020-07-12 19:33:37,079 INFO o.a.j.g.u.JMeterMenuBar: setRunning(true, *local*)
2020-07-12 19:33:37,231 INFO o.a.j.e.StandardJMeterEngine: Starting ThreadGroup: 1 : Endurance
2020-07-12 19:33:37,231 INFO o.a.j.e.StandardJMeterEngine: Starting 1 threads for group Endurance.
2020-07-12 19:33:37,231 INFO o.a.j.e.StandardJMeterEngine: Thread will continue on error
2020-07-12 19:33:37,231 INFO o.a.j.t.ThreadGroup: Starting thread group... number=1 threads=1 ramp-up=0 delayedStart=false
2020-07-12 19:33:37,231 INFO o.a.j.t.ThreadGroup: Started thread group number 1
2020-07-12 19:33:37,232 INFO o.a.j.e.StandardJMeterEngine: Starting ThreadGroup: 2 : Stress Test
2020-07-12 19:33:37,232 INFO o.a.j.e.StandardJMeterEngine: Starting 1 threads for group Stress Test.
2020-07-12 19:33:37,232 INFO o.a.j.e.StandardJMeterEngine: Thread will continue on error
2020-07-12 19:33:37,232 INFO o.a.j.t.ThreadGroup: Starting thread group... number=2 threads=1 ramp-up=0 delayedStart=false
2020-07-12 19:33:37,232 INFO o.a.j.t.ThreadGroup: Started thread group number 2
2020-07-12 19:33:37,232 INFO o.a.j.e.StandardJMeterEngine: All thread groups have been started
2020-07-12 19:33:37,232 INFO o.a.j.t.JMeterThread: Thread started: Endurance 1-1
2020-07-12 19:33:37,232 INFO o.a.j.s.FileServer: Stored: /Users/stcs/Downloads/Project Starter Resources/automatedtesting/jmeter/data.csv
2020-07-12 19:33:37,232 INFO o.a.j.t.JMeterThread: Thread started: Stress Test 2-1
2020-07-12 19:33:38,942 INFO o.a.j.t.JMeterThread: Thread is done: Stress Test 2-1
2020-07-12 19:33:38,943 INFO o.a.j.t.JMeterThread: Thread finished: Stress Test 2-1
2020-07-12 19:33:39,279 INFO o.a.j.t.JMeterThread: Thread is done: Endurance 1-1
2020-07-12 19:33:39,279 INFO o.a.j.t.JMeterThread: Thread finished: Endurance 1-1
2020-07-12 19:33:39,280 INFO o.a.j.e.StandardJMeterEngine: Notifying test listeners of end of test
2020-07-12 19:33:39,280 INFO o.a.j.s.FileServer: Close: /Users/stcs/Downloads/Project Starter Resources/automatedtesting/jmeter/data.csv
2020-07-12 19:33:39,280 INFO o.a.j.g.u.JMeterMenuBar: setRunning(false, *local*)
